Remote image directory: /var/www/html/listing_images/
Connected to agingresidence.com via SSH
Downloading image from https://lh5.googleusercontent.com/p/AF1QipPbpsU8JrKah-BmjHam22ChxhSgMX6BPuxZotPr=w2560-h1707-k-no
Uploading image to /var/www/html/listing_images/Infinite_Pathways_Care_Home___Memory_Care_1.jpg
Downloaded and saved image for listing Infinite_Pathways_Care_Home___Memory_Care to /var/www/html/listing_images/Infinite_Pathways_Care_Home___Memory_Care_1.jpg
Updated database for listing Infinite_Pathways_Care_Home___Memory_Care with path: /listing_images/Infinite_Pathways_Care_Home___Memory_Care_1.jpg
Downloading image from https://lh5.googleusercontent.com/p/AF1QipOIPyDSB-Av9wrSU2vl6DXjmMsb6Q1xlCyfNjoF=w2560-h1649-k-no
Uploading image to /var/www/html/listing_images/Infinite_Pathways_Care_Home___Memory_Care_2.jpg
Downloaded and saved image for listing Infinite_Pathways_Care_Home___Memory_Care to /var/www/html/listing_images/Infinite_Pathways_Care_Home___Memory_Care_2.jpg
Updated database for listing Infinite_Pathways_Care_Home___Memory_Care with path: /listing_images/Infinite_Pathways_Care_Home___Memory_Care_2.jpg
Downloading image from https://lh5.googleusercontent.com/p/AF1QipMCHi9AAS3FzrBmSD5eT_ppyVO3MADTuAgjXkx2=w5184-h3456-k-no
Uploading image to /var/www/html/listing_images/Infinite_Pathways_Care_Home___Memory_Care_3.jpg
Downloaded and saved image for listing Infinite_Pathways_Care_Home___Memory_Care to /var/www/html/listing_images/Infinite_Pathways_Care_Home___Memory_Care_3.jpg
Updated database for listing Infinite_Pathways_Care_Home___Memory_Care with path: /listing_images/Infinite_Pathways_Care_Home___Memory_Care_3.jpg
Downloading image from https://lh5.googleusercontent.com/p/AF1QipMD2WhpCJidz7yHu-Qx2s3tbcwHRvlN1Z4aUfaJ=w4608-h2304-k-no-pi-20-ya164-ro-0-fo100
Uploading image to /var/www/html/listing_images/Infinite_Pathways_Care_Home___Memory_Care_4.jpg
Downloaded and saved image for listing Infinite_Pathways_Care_Home___Memory_Care to /var/www/html/listing_images/Infinite_Pathways_Care_Home___Memory_Care_4.jpg
Updated database for listing Infinite_Pathways_Care_Home___Memory_Care with path: /listing_images/Infinite_Pathways_Care_Home___Memory_Care_4.jpg
Downloading image from https://lh5.googleusercontent.com/p/AF1QipNpFf8xalkC0FFCJJPitqTokBSBlkodiVD1oXs1=w4608-h2304-k-no-pi-10-ya93-ro-0-fo100
Uploading image to /var/www/html/listing_images/Infinite_Pathways_Care_Home___Memory_Care_5.jpg
Downloaded and saved image for listing Infinite_Pathways_Care_Home___Memory_Care to /var/www/html/listing_images/Infinite_Pathways_Care_Home___Memory_Care_5.jpg
Updated database for listing Infinite_Pathways_Care_Home___Memory_Care with path: /listing_images/Infinite_Pathways_Care_Home___Memory_Care_5.jpg
Downloading image from https://lh5.googleusercontent.com/p/AF1QipPBofHEi-3__z2gTRfcCcTwK-vTfn6LLNPtvKXW=w5184-h3456-k-no
Uploading image to /var/www/html/listing_images/Infinite_Pathways_Care_Home___Memory_Care_6.jpg
Downloaded and saved image for listing Infinite_Pathways_Care_Home___Memory_Care to /var/www/html/listing_images/Infinite_Pathways_Care_Home___Memory_Care_6.jpg
Updated database for listing Infinite_Pathways_Care_Home___Memory_Care with path: /listing_images/Infinite_Pathways_Care_Home___Memory_Care_6.jpg
Downloading image from https://lh5.googleusercontent.com/p/AF1QipPe92jkU6VpDL7Fc7_Enk6gRc3RQ5hsqRW9pyud=w5184-h3456-k-no
Uploading image to /var/www/html/listing_images/Infinite_Pathways_Care_Home___Memory_Care_7.jpg
Downloaded and saved image for listing Infinite_Pathways_Care_Home___Memory_Care to /var/www/html/listing_images/Infinite_Pathways_Care_Home___Memory_Care_7.jpg
Updated database for listing Infinite_Pathways_Care_Home___Memory_Care with path: /listing_images/Infinite_Pathways_Care_Home___Memory_Care_7.jpg
Downloading image from https://lh5.googleusercontent.com/p/AF1QipMaHIdKz_mnl2plIbCDySD3rZTmxR2AwZmdeCSy=w5184-h3456-k-no
Uploading image to /var/www/html/listing_images/Infinite_Pathways_Care_Home___Memory_Care_8.jpg
Downloaded and saved image for listing Infinite_Pathways_Care_Home___Memory_Care to /var/www/html/listing_images/Infinite_Pathways_Care_Home___Memory_Care_8.jpg
Updated database for listing Infinite_Pathways_Care_Home___Memory_Care with path: /listing_images/Infinite_Pathways_Care_Home___Memory_Care_8.jpg
Downloading image from https://lh5.googleusercontent.com/p/AF1QipMlaDlyjWAdeUQm6fxf19tObsBZ-oMX2NxbUWh6=w4608-h2304-k-no-pi-0-ya324-ro-0-fo100
Uploading image to /var/www/html/listing_images/Infinite_Pathways_Care_Home___Memory_Care_9.jpg
Downloaded and saved image for listing Infinite_Pathways_Care_Home___Memory_Care to /var/www/html/listing_images/Infinite_Pathways_Care_Home___Memory_Care_9.jpg
Updated database for listing Infinite_Pathways_Care_Home___Memory_Care with path: /listing_images/Infinite_Pathways_Care_Home___Memory_Care_9.jpg
Downloading image from https://lh5.googleusercontent.com/p/AF1QipO_WonyvG3UgocGBNKl6cv4_pUUgHgrO9jEGaxe=w4608-h2304-k-no-pi-10-ya48-ro-0-fo100
Uploading image to /var/www/html/listing_images/Infinite_Pathways_Care_Home___Memory_Care_10.jpg
Downloaded and saved image for listing Infinite_Pathways_Care_Home___Memory_Care to /var/www/html/listing_images/Infinite_Pathways_Care_Home___Memory_Care_10.jpg
Updated database for listing Infinite_Pathways_Care_Home___Memory_Care with path: /listing_images/Infinite_Pathways_Care_Home___Memory_Care_10.jpg
Downloading image from https://lh5.googleusercontent.com/p/AF1QipNKfC5NhBNTOJwhLEJ_JeOy0SmPVu4bR6moISnE=w5632-h1986-k-no-pi0-ya67-ro-0-fo100
Uploading image to /var/www/html/listing_images/Infinite_Pathways_Care_Home___Memory_Care_11.jpg
Downloaded and saved image for listing Infinite_Pathways_Care_Home___Memory_Care to /var/www/html/listing_images/Infinite_Pathways_Care_Home___Memory_Care_11.jpg
Updated database for listing Infinite_Pathways_Care_Home___Memory_Care with path: /listing_images/Infinite_Pathways_Care_Home___Memory_Care_11.jpg
Downloading image from https://lh5.googleusercontent.com/p/AF1QipO8hlWnl4LAcx428g6Vq9HuCNpJcXGK-aPvGDZ8=w5632-h1976-k-no-pi-20-ya304-ro-0-fo100
Uploading image to /var/www/html/listing_images/Infinite_Pathways_Care_Home___Memory_Care_12.jpg
Downloaded and saved image for listing Infinite_Pathways_Care_Home___Memory_Care to /var/www/html/listing_images/Infinite_Pathways_Care_Home___Memory_Care_12.jpg
Updated database for listing Infinite_Pathways_Care_Home___Memory_Care with path: /listing_images/Infinite_Pathways_Care_Home___Memory_Care_12.jpg
Downloading image from https://lh5.googleusercontent.com/p/AF1QipOiyvg0FpVp-W6WEsl2wtjiODZ8yQMTset2LO0J=w5632-h1916-k-no-pi-20-ya316-ro-0-fo100
Uploading image to /var/www/html/listing_images/Infinite_Pathways_Care_Home___Memory_Care_13.jpg
Downloaded and saved image for listing Infinite_Pathways_Care_Home___Memory_Care to /var/www/html/listing_images/Infinite_Pathways_Care_Home___Memory_Care_13.jpg
Updated database for listing Infinite_Pathways_Care_Home___Memory_Care with path: /listing_images/Infinite_Pathways_Care_Home___Memory_Care_13.jpg
Downloading image from https://lh5.googleusercontent.com/p/AF1QipOvylOYVEtsqv8HuUCDpcvVvkRwrYYmn_5OPUry=w5632-h2014-k-no-pi0-ya14.000005-ro-0-fo100
Uploading image to /var/www/html/listing_images/Infinite_Pathways_Care_Home___Memory_Care_14.jpg
Downloaded and saved image for listing Infinite_Pathways_Care_Home___Memory_Care to /var/www/html/listing_images/Infinite_Pathways_Care_Home___Memory_Care_14.jpg
Updated database for listing Infinite_Pathways_Care_Home___Memory_Care with path: /listing_images/Infinite_Pathways_Care_Home___Memory_Care_14.jpg
Downloading image from https://lh5.googleusercontent.com/p/AF1QipNw5o7J5l5itSZa4ssqUA-exIdk2E7RHq_KtwMm=w5632-h1972-k-no-pi-20-ya225-ro-0-fo100
Uploading image to /var/www/html/listing_images/Infinite_Pathways_Care_Home___Memory_Care_15.jpg
Downloaded and saved image for listing Infinite_Pathways_Care_Home___Memory_Care to /var/www/html/listing_images/Infinite_Pathways_Care_Home___Memory_Care_15.jpg
Updated database for listing Infinite_Pathways_Care_Home___Memory_Care with path: /listing_images/Infinite_Pathways_Care_Home___Memory_Care_15.jpg
Downloading image from https://lh5.googleusercontent.com/p/AF1QipNxu3bm7zSs88WBm-nr1UJ3M5I1r5HYeAnAzLtS=w5632-h1986-k-no-pi-20-ya264-ro-0-fo100
Uploading image to /var/www/html/listing_images/Infinite_Pathways_Care_Home___Memory_Care_16.jpg
Downloaded and saved image for listing Infinite_Pathways_Care_Home___Memory_Care to /var/www/html/listing_images/Infinite_Pathways_Care_Home___Memory_Care_16.jpg
Updated database for listing Infinite_Pathways_Care_Home___Memory_Care with path: /listing_images/Infinite_Pathways_Care_Home___Memory_Care_16.jpg
Downloading image from https://lh5.googleusercontent.com/p/AF1QipO9XHQFYKklnvUmGV1ysn-O3LrPY5CijGqUoQvE=w5632-h1932-k-no-pi-0-ya201-ro-0-fo100
Uploading image to /var/www/html/listing_images/Infinite_Pathways_Care_Home___Memory_Care_17.jpg
Downloaded and saved image for listing Infinite_Pathways_Care_Home___Memory_Care to /var/www/html/listing_images/Infinite_Pathways_Care_Home___Memory_Care_17.jpg
Updated database for listing Infinite_Pathways_Care_Home___Memory_Care with path: /listing_images/Infinite_Pathways_Care_Home___Memory_Care_17.jpg
Downloading image from https://lh5.googleusercontent.com/p/AF1QipNFjCHC0x9EJDz1esQt3uGHiFGMmxMu7QwEOP5q=w5632-h1998-k-no-pi0-ya4.9999995-ro-0-fo100
Uploading image to /var/www/html/listing_images/Infinite_Pathways_Care_Home___Memory_Care_18.jpg
Downloaded and saved image for listing Infinite_Pathways_Care_Home___Memory_Care to /var/www/html/listing_images/Infinite_Pathways_Care_Home___Memory_Care_18.jpg
Updated database for listing Infinite_Pathways_Care_Home___Memory_Care with path: /listing_images/Infinite_Pathways_Care_Home___Memory_Care_18.jpg
Downloading image from https://lh5.googleusercontent.com/p/AF1QipPXGWlvU3DmjJRY69f6KaSjSpXOSfjX3asDOE-P=w4608-h2304-k-no-pi-0-ya58.999996-ro-0-fo100
Uploading image to /var/www/html/listing_images/Infinite_Pathways_Care_Home___Memory_Care_19.jpg
Downloaded and saved image for listing Infinite_Pathways_Care_Home___Memory_Care to /var/www/html/listing_images/Infinite_Pathways_Care_Home___Memory_Care_19.jpg
Updated database for listing Infinite_Pathways_Care_Home___Memory_Care with path: /listing_images/Infinite_Pathways_Care_Home___Memory_Care_19.jpg
Downloading image from https://lh5.googleusercontent.com/p/AF1QipOwFS584AH9X5k0J_AljdnPz_REFVD0G-Mlrwph=w5632-h1988-k-no-pi-20-ya263-ro-0-fo100
Uploading image to /var/www/html/listing_images/Infinite_Pathways_Care_Home___Memory_Care_20.jpg
Downloaded and saved image for listing Infinite_Pathways_Care_Home___Memory_Care to /var/www/html/listing_images/Infinite_Pathways_Care_Home___Memory_Care_20.jpg
Updated database for listing Infinite_Pathways_Care_Home___Memory_Care with path: /listing_images/Infinite_Pathways_Care_Home___Memory_Care_20.jpg
Downloading image from https://streetviewpixels-pa.googleapis.com/v1/thumbnail?panoid=bGLlDq48AAkMOm20MozEdA&cb_client=maps_sv.tactile.gps&w=10000&h=10000&yaw=185.54784&pitch=0&thumbfov=100
Uploading image to /var/www/html/listing_images/Senior_Paradise_Living_1.jpg
Downloaded and saved image for listing Senior_Paradise_Living to /var/www/html/listing_images/Senior_Paradise_Living_1.jpg
Updated database for listing Senior_Paradise_Living with path: /listing_images/Senior_Paradise_Living_1.jpg
Downloading image from https://lh5.googleusercontent.com/p/AF1QipNt2tsRDrZK7PNbjcoF66glLKr0-3MO39DXQv3R=w1920-h1371-k-no
Uploading image to /var/www/html/listing_images/Bethesda_Gardens_Assisted_Living_and_Memory_Care_Phoenix_1.jpg
Downloaded and saved image for listing Bethesda_Gardens_Assisted_Living_and_Memory_Care_Phoenix to /var/www/html/listing_images/Bethesda_Gardens_Assisted_Living_and_Memory_Care_Phoenix_1.jpg
Updated database for listing Bethesda_Gardens_Assisted_Living_and_Memory_Care_Phoenix with path: /listing_images/Bethesda_Gardens_Assisted_Living_and_Memory_Care_Phoenix_1.jpg
Downloading image from https://lh5.googleusercontent.com/p/AF1QipMgle8D-GXMBVEjqoowZIb_JioUvdhIy-k3S9C3=w8000-h4000-k-no-pi-10-ya93.89858-ro-0-fo100
Uploading image to /var/www/html/listing_images/Bethesda_Gardens_Assisted_Living_and_Memory_Care_Phoenix_2.jpg
Downloaded and saved image for listing Bethesda_Gardens_Assisted_Living_and_Memory_Care_Phoenix to /var/www/html/listing_images/Bethesda_Gardens_Assisted_Living_and_Memory_Care_Phoenix_2.jpg
Updated database for listing Bethesda_Gardens_Assisted_Living_and_Memory_Care_Phoenix with path: /listing_images/Bethesda_Gardens_Assisted_Living_and_Memory_Care_Phoenix_2.jpg
Downloading image from https://lh5.googleusercontent.com/p/AF1QipOFpuOXi_ce01qMOVAYO4buzL40VhCpacH9lSk6=w8000-h4000-k-no-pi-0-ya138.98979-ro-0-fo100
Uploading image to /var/www/html/listing_images/Bethesda_Gardens_Assisted_Living_and_Memory_Care_Phoenix_3.jpg
Downloaded and saved image for listing Bethesda_Gardens_Assisted_Living_and_Memory_Care_Phoenix to /var/www/html/listing_images/Bethesda_Gardens_Assisted_Living_and_Memory_Care_Phoenix_3.jpg
Updated database for listing Bethesda_Gardens_Assisted_Living_and_Memory_Care_Phoenix with path: /listing_images/Bethesda_Gardens_Assisted_Living_and_Memory_Care_Phoenix_3.jpg
Downloading image from https://lh5.googleusercontent.com/p/AF1QipMIsn-SSI2XQea-HZbKnlt7SUBYUpniHMm_VeNs=w6010-h4012-k-no
Uploading image to /var/www/html/listing_images/Bethesda_Gardens_Assisted_Living_and_Memory_Care_Phoenix_4.jpg
Downloaded and saved image for listing Bethesda_Gardens_Assisted_Living_and_Memory_Care_Phoenix to /var/www/html/listing_images/Bethesda_Gardens_Assisted_Living_and_Memory_Care_Phoenix_4.jpg
Updated database for listing Bethesda_Gardens_Assisted_Living_and_Memory_Care_Phoenix with path: /listing_images/Bethesda_Gardens_Assisted_Living_and_Memory_Care_Phoenix_4.jpg
Downloading image from https://lh5.googleusercontent.com/p/AF1QipPJ7EJ3TLJWyTE47n1s3zpT7N2X3Kzyfhjizo-r=w8000-h4000-k-no-pi-10-ya119.10413-ro-0-fo100
Uploading image to /var/www/html/listing_images/Bethesda_Gardens_Assisted_Living_and_Memory_Care_Phoenix_5.jpg
Downloaded and saved image for listing Bethesda_Gardens_Assisted_Living_and_Memory_Care_Phoenix to /var/www/html/listing_images/Bethesda_Gardens_Assisted_Living_and_Memory_Care_Phoenix_5.jpg
Updated database for listing Bethesda_Gardens_Assisted_Living_and_Memory_Care_Phoenix with path: /listing_images/Bethesda_Gardens_Assisted_Living_and_Memory_Care_Phoenix_5.jpg
Downloading image from https://lh5.googleusercontent.com/p/AF1QipPhAnUekEZk6vqBaxPJfsQ-vtwZBLQVg9oBxJiY=w8000-h4000-k-no-pi0-ya316.22284-ro-0-fo100
Uploading image to /var/www/html/listing_images/Bethesda_Gardens_Assisted_Living_and_Memory_Care_Phoenix_6.jpg
Downloaded and saved image for listing Bethesda_Gardens_Assisted_Living_and_Memory_Care_Phoenix to /var/www/html/listing_images/Bethesda_Gardens_Assisted_Living_and_Memory_Care_Phoenix_6.jpg
Updated database for listing Bethesda_Gardens_Assisted_Living_and_Memory_Care_Phoenix with path: /listing_images/Bethesda_Gardens_Assisted_Living_and_Memory_Care_Phoenix_6.jpg
Downloading image from https://lh5.googleusercontent.com/p/AF1QipP8XR83WcdZ6LBYGyBEHPwJwwYQgKnycM3CMuvR=w1920-h1371-k-no
Uploading image to /var/www/html/listing_images/Bethesda_Gardens_Assisted_Living_and_Memory_Care_Phoenix_7.jpg
Downloaded and saved image for listing Bethesda_Gardens_Assisted_Living_and_Memory_Care_Phoenix to /var/www/html/listing_images/Bethesda_Gardens_Assisted_Living_and_Memory_Care_Phoenix_7.jpg
Updated database for listing Bethesda_Gardens_Assisted_Living_and_Memory_Care_Phoenix with path: /listing_images/Bethesda_Gardens_Assisted_Living_and_Memory_Care_Phoenix_7.jpg
Downloading image from https://lh5.googleusercontent.com/p/AF1QipPUktEBZxiIBmj1DIgLS0y1_FbbK-9tq7LwWR7b=w6013-h4014-k-no
Uploading image to /var/www/html/listing_images/Bethesda_Gardens_Assisted_Living_and_Memory_Care_Phoenix_8.jpg
Downloaded and saved image for listing Bethesda_Gardens_Assisted_Living_and_Memory_Care_Phoenix to /var/www/html/listing_images/Bethesda_Gardens_Assisted_Living_and_Memory_Care_Phoenix_8.jpg
Updated database for listing Bethesda_Gardens_Assisted_Living_and_Memory_Care_Phoenix with path: /listing_images/Bethesda_Gardens_Assisted_Living_and_Memory_Care_Phoenix_8.jpg
Downloading image from https://lh5.googleusercontent.com/p/AF1QipP737FOyaEOqOyPcBOQckGve5-cM7RH_8GGi3hJ=w8000-h4000-k-no-pi-10-ya8.692815-ro-0-fo100
Uploading image to /var/www/html/listing_images/Bethesda_Gardens_Assisted_Living_and_Memory_Care_Phoenix_9.jpg
Downloaded and saved image for listing Bethesda_Gardens_Assisted_Living_and_Memory_Care_Phoenix to /var/www/html/listing_images/Bethesda_Gardens_Assisted_Living_and_Memory_Care_Phoenix_9.jpg
Updated database for listing Bethesda_Gardens_Assisted_Living_and_Memory_Care_Phoenix with path: /listing_images/Bethesda_Gardens_Assisted_Living_and_Memory_Care_Phoenix_9.jpg
Downloading image from https://lh5.googleusercontent.com/p/AF1QipNubcfmEHt3_CYcE9s3YPeu3NACRVWOyYpdmvpB=w8000-h4000-k-no-pi-10-ya61.440926-ro-0-fo100
Uploading image to /var/www/html/listing_images/Bethesda_Gardens_Assisted_Living_and_Memory_Care_Phoenix_10.jpg
Downloaded and saved image for listing Bethesda_Gardens_Assisted_Living_and_Memory_Care_Phoenix to /var/www/html/listing_images/Bethesda_Gardens_Assisted_Living_and_Memory_Care_Phoenix_10.jpg
Updated database for listing Bethesda_Gardens_Assisted_Living_and_Memory_Care_Phoenix with path: /listing_images/Bethesda_Gardens_Assisted_Living_and_Memory_Care_Phoenix_10.jpg
Downloading image from https://lh5.googleusercontent.com/p/AF1QipMEysTODlCtN46ivepiDlM9dDdojzc5NSzRgzKG=w8000-h4000-k-no-pi0-ya241.62491-ro-0-fo100
Uploading image to /var/www/html/listing_images/Bethesda_Gardens_Assisted_Living_and_Memory_Care_Phoenix_11.jpg
Downloaded and saved image for listing Bethesda_Gardens_Assisted_Living_and_Memory_Care_Phoenix to /var/www/html/listing_images/Bethesda_Gardens_Assisted_Living_and_Memory_Care_Phoenix_11.jpg
Updated database for listing Bethesda_Gardens_Assisted_Living_and_Memory_Care_Phoenix with path: /listing_images/Bethesda_Gardens_Assisted_Living_and_Memory_Care_Phoenix_11.jpg
Downloading image from https://lh5.googleusercontent.com/p/AF1QipPMolJg4oOn6PI5R34R7vWHCCTJ3cFb0_gCtT6b=w6000-h3000-k-no-pi-10-ya298.0329-ro0-fo100
Uploading image to /var/www/html/listing_images/Bethesda_Gardens_Assisted_Living_and_Memory_Care_Phoenix_12.jpg
Downloaded and saved image for listing Bethesda_Gardens_Assisted_Living_and_Memory_Care_Phoenix to /var/www/html/listing_images/Bethesda_Gardens_Assisted_Living_and_Memory_Care_Phoenix_12.jpg
Updated database for listing Bethesda_Gardens_Assisted_Living_and_Memory_Care_Phoenix with path: /listing_images/Bethesda_Gardens_Assisted_Living_and_Memory_Care_Phoenix_12.jpg
Downloading image from https://lh5.googleusercontent.com/p/AF1QipM-RdhLTcIuhx3nZg765uo0C2QWVbxFiqbp53vF=w8000-h4000-k-no-pi-0-ya234.12962-ro0-fo100
Uploading image to /var/www/html/listing_images/Bethesda_Gardens_Assisted_Living_and_Memory_Care_Phoenix_13.jpg
Downloaded and saved image for listing Bethesda_Gardens_Assisted_Living_and_Memory_Care_Phoenix to /var/www/html/listing_images/Bethesda_Gardens_Assisted_Living_and_Memory_Care_Phoenix_13.jpg
Updated database for listing Bethesda_Gardens_Assisted_Living_and_Memory_Care_Phoenix with path: /listing_images/Bethesda_Gardens_Assisted_Living_and_Memory_Care_Phoenix_13.jpg
Downloading image from https://lh5.googleusercontent.com/p/AF1QipNs6Ce2MI4WeZCPLUrVfWOBPfAGBHNxYqSGOBUJ=w8000-h4000-k-no-pi-0-ya71.2592-ro-0-fo100
Uploading image to /var/www/html/listing_images/Bethesda_Gardens_Assisted_Living_and_Memory_Care_Phoenix_14.jpg
Downloaded and saved image for listing Bethesda_Gardens_Assisted_Living_and_Memory_Care_Phoenix to /var/www/html/listing_images/Bethesda_Gardens_Assisted_Living_and_Memory_Care_Phoenix_14.jpg
Updated database for listing Bethesda_Gardens_Assisted_Living_and_Memory_Care_Phoenix with path: /listing_images/Bethesda_Gardens_Assisted_Living_and_Memory_Care_Phoenix_14.jpg
Downloading image from https://lh5.googleusercontent.com/p/AF1QipNb16iSYV6WVV7mXyC03wYqb7OmHVEwTfathqrd=w1852-h1042-k-no
Uploading image to /var/www/html/listing_images/Bethesda_Gardens_Assisted_Living_and_Memory_Care_Phoenix_15.jpg
Downloaded and saved image for listing Bethesda_Gardens_Assisted_Living_and_Memory_Care_Phoenix to /var/www/html/listing_images/Bethesda_Gardens_Assisted_Living_and_Memory_Care_Phoenix_15.jpg
Updated database for listing Bethesda_Gardens_Assisted_Living_and_Memory_Care_Phoenix with path: /listing_images/Bethesda_Gardens_Assisted_Living_and_Memory_Care_Phoenix_15.jpg
Downloading image from https://lh5.googleusercontent.com/p/AF1QipM4jF6zwotuNX3hRjw3JvUODoA-A7dvU47HIvUB=w3936-h2624-k-no
Uploading image to /var/www/html/listing_images/Bethesda_Gardens_Assisted_Living_and_Memory_Care_Phoenix_16.jpg
Downloaded and saved image for listing Bethesda_Gardens_Assisted_Living_and_Memory_Care_Phoenix to /var/www/html/listing_images/Bethesda_Gardens_Assisted_Living_and_Memory_Care_Phoenix_16.jpg
Updated database for listing Bethesda_Gardens_Assisted_Living_and_Memory_Care_Phoenix with path: /listing_images/Bethesda_Gardens_Assisted_Living_and_Memory_Care_Phoenix_16.jpg
Downloading image from https://lh5.googleusercontent.com/p/AF1QipNAdx5XoD6VN_1V2J_9EO3Z80JIhTq3og9XqHcg=w8000-h4000-k-no-pi-10-ya320-ro-0-fo100
Uploading image to /var/www/html/listing_images/Bethesda_Gardens_Assisted_Living_and_Memory_Care_Phoenix_17.jpg
Downloaded and saved image for listing Bethesda_Gardens_Assisted_Living_and_Memory_Care_Phoenix to /var/www/html/listing_images/Bethesda_Gardens_Assisted_Living_and_Memory_Care_Phoenix_17.jpg
Updated database for listing Bethesda_Gardens_Assisted_Living_and_Memory_Care_Phoenix with path: /listing_images/Bethesda_Gardens_Assisted_Living_and_Memory_Care_Phoenix_17.jpg
Downloading image from https://lh5.googleusercontent.com/p/AF1QipPGuc7wIyX1yeTQyGE4kPv_ZkjBd0hD-uy77FPZ=w5996-h4003-k-no
Uploading image to /var/www/html/listing_images/Bethesda_Gardens_Assisted_Living_and_Memory_Care_Phoenix_18.jpg
Downloaded and saved image for listing Bethesda_Gardens_Assisted_Living_and_Memory_Care_Phoenix to /var/www/html/listing_images/Bethesda_Gardens_Assisted_Living_and_Memory_Care_Phoenix_18.jpg
Updated database for listing Bethesda_Gardens_Assisted_Living_and_Memory_Care_Phoenix with path: /listing_images/Bethesda_Gardens_Assisted_Living_and_Memory_Care_Phoenix_18.jpg
Downloading image from https://lh5.googleusercontent.com/p/AF1QipNj2c1T99B7_fNhNZ1EyyqDerPFiycmWqnEkgtY=w8000-h4000-k-no-pi-0-ya168.65894-ro-0-fo100
Uploading image to /var/www/html/listing_images/Bethesda_Gardens_Assisted_Living_and_Memory_Care_Phoenix_19.jpg
Downloaded and saved image for listing Bethesda_Gardens_Assisted_Living_and_Memory_Care_Phoenix to /var/www/html/listing_images/Bethesda_Gardens_Assisted_Living_and_Memory_Care_Phoenix_19.jpg
Updated database for listing Bethesda_Gardens_Assisted_Living_and_Memory_Care_Phoenix with path: /listing_images/Bethesda_Gardens_Assisted_Living_and_Memory_Care_Phoenix_19.jpg
Downloading image from https://lh5.googleusercontent.com/p/AF1QipPLNfqN7QCGrb0XfCVjKlCKfsyvLrmI64t8RVIV=w6015-h4015-k-no
Uploading image to /var/www/html/listing_images/Bethesda_Gardens_Assisted_Living_and_Memory_Care_Phoenix_20.jpg
Downloaded and saved image for listing Bethesda_Gardens_Assisted_Living_and_Memory_Care_Phoenix to /var/www/html/listing_images/Bethesda_Gardens_Assisted_Living_and_Memory_Care_Phoenix_20.jpg
Updated database for listing Bethesda_Gardens_Assisted_Living_and_Memory_Care_Phoenix with path: /listing_images/Bethesda_Gardens_Assisted_Living_and_Memory_Care_Phoenix_20.jpg
Downloading image from https://lh5.googleusercontent.com/p/AF1QipMdONWYq1RCnM4Uzg4lWIwFuWzKg_zGmf1VYAhy=w1000-h594-k-no
Uploading image to /var/www/html/listing_images/North_Valley_Assisted_Living_1.jpg
Downloaded and saved image for listing North_Valley_Assisted_Living to /var/www/html/listing_images/North_Valley_Assisted_Living_1.jpg
Updated database for listing North_Valley_Assisted_Living with path: /listing_images/North_Valley_Assisted_Living_1.jpg
Downloading image from https://lh5.googleusercontent.com/p/AF1QipMQyJHMmCI0ZMlhj0HvoxLpWVmJlSe-DqJnUy3g=w1000-h594-k-no
Uploading image to /var/www/html/listing_images/North_Valley_Assisted_Living_2.jpg
Downloaded and saved image for listing North_Valley_Assisted_Living to /var/www/html/listing_images/North_Valley_Assisted_Living_2.jpg
Updated database for listing North_Valley_Assisted_Living with path: /listing_images/North_Valley_Assisted_Living_2.jpg
Downloading image from https://lh5.googleusercontent.com/p/AF1QipMFzZMfB4HYawEPL-7MBFPpygMgg65Zu8UvGPUR=w768-h456-k-no
Uploading image to /var/www/html/listing_images/North_Valley_Assisted_Living_3.jpg
Downloaded and saved image for listing North_Valley_Assisted_Living to /var/www/html/listing_images/North_Valley_Assisted_Living_3.jpg
Updated database for listing North_Valley_Assisted_Living with path: /listing_images/North_Valley_Assisted_Living_3.jpg
Downloading image from https://lh5.googleusercontent.com/p/AF1QipMiYGV00TMedc6YuF9ekoc-FI9z30zqMDyDefTv=w1000-h594-k-no
Uploading image to /var/www/html/listing_images/North_Valley_Assisted_Living_4.jpg
Downloaded and saved image for listing North_Valley_Assisted_Living to /var/www/html/listing_images/North_Valley_Assisted_Living_4.jpg
Updated database for listing North_Valley_Assisted_Living with path: /listing_images/North_Valley_Assisted_Living_4.jpg
Downloading image from https://lh5.googleusercontent.com/p/AF1QipNnRglOcxu7RSWv45VV8OGA3DYLbY-LXWBqs6VB=w1000-h594-k-no
Uploading image to /var/www/html/listing_images/North_Valley_Assisted_Living_5.jpg
Downloaded and saved image for listing North_Valley_Assisted_Living to /var/www/html/listing_images/North_Valley_Assisted_Living_5.jpg
Updated database for listing North_Valley_Assisted_Living with path: /listing_images/North_Valley_Assisted_Living_5.jpg
Downloading image from https://lh5.googleusercontent.com/p/AF1QipOYCKBxhwmxCWlrYlQ_h0rh3ab29MyMNbZ-O68C=w1000-h594-k-no
Uploading image to /var/www/html/listing_images/North_Valley_Assisted_Living_6.jpg
Downloaded and saved image for listing North_Valley_Assisted_Living to /var/www/html/listing_images/North_Valley_Assisted_Living_6.jpg
Updated database for listing North_Valley_Assisted_Living with path: /listing_images/North_Valley_Assisted_Living_6.jpg
Downloading image from https://lh5.googleusercontent.com/p/AF1QipND1UI8ws6hKAzz7E0fV0SFeVu7vBZgsIk2UxmG=w1000-h594-k-no
Uploading image to /var/www/html/listing_images/North_Valley_Assisted_Living_7.jpg
Downloaded and saved image for listing North_Valley_Assisted_Living to /var/www/html/listing_images/North_Valley_Assisted_Living_7.jpg
Updated database for listing North_Valley_Assisted_Living with path: /listing_images/North_Valley_Assisted_Living_7.jpg
Downloading image from https://lh5.googleusercontent.com/p/AF1QipOs5sjCnguUzywTkjAwZFw_0Eod5oOpxLI71s9J=w1000-h594-k-no
Uploading image to /var/www/html/listing_images/North_Valley_Assisted_Living_8.jpg
Downloaded and saved image for listing North_Valley_Assisted_Living to /var/www/html/listing_images/North_Valley_Assisted_Living_8.jpg
Updated database for listing North_Valley_Assisted_Living with path: /listing_images/North_Valley_Assisted_Living_8.jpg
Downloading image from https://lh5.googleusercontent.com/p/AF1QipOJqGz22_NQHxEgeu7qw0DqOnwU4V1A_jnZKQ8j=w1000-h594-k-no
Uploading image to /var/www/html/listing_images/North_Valley_Assisted_Living_9.jpg
Downloaded and saved image for listing North_Valley_Assisted_Living to /var/www/html/listing_images/North_Valley_Assisted_Living_9.jpg
Updated database for listing North_Valley_Assisted_Living with path: /listing_images/North_Valley_Assisted_Living_9.jpg
Downloading image from https://lh5.googleusercontent.com/p/AF1QipPSxRvsH-s8Nekd3xvgZBdB6oJwj4en6kmWOYaS=w1000-h594-k-no
Uploading image to /var/www/html/listing_images/North_Valley_Assisted_Living_10.jpg
Downloaded and saved image for listing North_Valley_Assisted_Living to /var/www/html/listing_images/North_Valley_Assisted_Living_10.jpg
Updated database for listing North_Valley_Assisted_Living with path: /listing_images/North_Valley_Assisted_Living_10.jpg
Downloading image from https://lh5.googleusercontent.com/p/AF1QipOD0ToWg-821oUfIGqsgdg4cvHG10YzCIYq65el=w1000-h594-k-no
Uploading image to /var/www/html/listing_images/North_Valley_Assisted_Living_11.jpg
Downloaded and saved image for listing North_Valley_Assisted_Living to /var/www/html/listing_images/North_Valley_Assisted_Living_11.jpg
Updated database for listing North_Valley_Assisted_Living with path: /listing_images/North_Valley_Assisted_Living_11.jpg
Downloading image from https://lh5.googleusercontent.com/p/AF1QipO3EOy9nbicpKVaSfy6liqLPFCGiA6bJwdufgVj=w768-h456-k-no
Uploading image to /var/www/html/listing_images/North_Valley_Assisted_Living_12.jpg
Downloaded and saved image for listing North_Valley_Assisted_Living to /var/www/html/listing_images/North_Valley_Assisted_Living_12.jpg
Updated database for listing North_Valley_Assisted_Living with path: /listing_images/North_Valley_Assisted_Living_12.jpg
Downloading image from https://lh5.googleusercontent.com/p/AF1QipO6RwbnieMnvPoqg-_ZwB13oM9hGtS9g4q3yLk_=w1000-h594-k-no
Uploading image to /var/www/html/listing_images/North_Valley_Assisted_Living_13.jpg
Downloaded and saved image for listing North_Valley_Assisted_Living to /var/www/html/listing_images/North_Valley_Assisted_Living_13.jpg
Updated database for listing North_Valley_Assisted_Living with path: /listing_images/North_Valley_Assisted_Living_13.jpg
Downloading image from https://lh5.googleusercontent.com/p/AF1QipMdSXE_XtrGbPKtmfXUEce0kCTxwzRbKsrxUIh_=w1000-h594-k-no
Uploading image to /var/www/html/listing_images/North_Valley_Assisted_Living_14.jpg
Downloaded and saved image for listing North_Valley_Assisted_Living to /var/www/html/listing_images/North_Valley_Assisted_Living_14.jpg
Updated database for listing North_Valley_Assisted_Living with path: /listing_images/North_Valley_Assisted_Living_14.jpg
Downloading image from https://lh5.googleusercontent.com/p/AF1QipPwnL6cwqicuQdO14coxyyg8Y5LV6rQj0C48d1z=w1000-h594-k-no
Uploading image to /var/www/html/listing_images/North_Valley_Assisted_Living_15.jpg
Downloaded and saved image for listing North_Valley_Assisted_Living to /var/www/html/listing_images/North_Valley_Assisted_Living_15.jpg
Updated database for listing North_Valley_Assisted_Living with path: /listing_images/North_Valley_Assisted_Living_15.jpg
Downloading image from https://lh5.googleusercontent.com/p/AF1QipPNkJGn_92JJx2bMDCCZZddvBACl8D_SPEvy4h4=w1920-h1080-k-no
Uploading image to /var/www/html/listing_images/North_Valley_Assisted_Living_16.jpg
Downloaded and saved image for listing North_Valley_Assisted_Living to /var/www/html/listing_images/North_Valley_Assisted_Living_16.jpg
Updated database for listing North_Valley_Assisted_Living with path: /listing_images/North_Valley_Assisted_Living_16.jpg
Downloading image from https://lh5.googleusercontent.com/p/AF1QipPR2fXkPxqIrcduDyPSS_ZTKLqbUH3rz3JLfKV4=w1000-h594-k-no
Uploading image to /var/www/html/listing_images/North_Valley_Assisted_Living_17.jpg
Downloaded and saved image for listing North_Valley_Assisted_Living to /var/www/html/listing_images/North_Valley_Assisted_Living_17.jpg
Updated database for listing North_Valley_Assisted_Living with path: /listing_images/North_Valley_Assisted_Living_17.jpg
Downloading image from https://lh5.googleusercontent.com/p/AF1QipNivFdjZ7ntygFHffz2eb8IRzIbzO4xo7T09sSy=w1000-h594-k-no
Uploading image to /var/www/html/listing_images/North_Valley_Assisted_Living_18.jpg
Downloaded and saved image for listing North_Valley_Assisted_Living to /var/www/html/listing_images/North_Valley_Assisted_Living_18.jpg
Updated database for listing North_Valley_Assisted_Living with path: /listing_images/North_Valley_Assisted_Living_18.jpg
Downloading image from https://lh5.googleusercontent.com/p/AF1QipMf84gYv0AeJnJNjZSe5UhLoJWtC15R6KR6lrAd=w1000-h594-k-no
Uploading image to /var/www/html/listing_images/North_Valley_Assisted_Living_19.jpg
Downloaded and saved image for listing North_Valley_Assisted_Living to /var/www/html/listing_images/North_Valley_Assisted_Living_19.jpg
Updated database for listing North_Valley_Assisted_Living with path: /listing_images/North_Valley_Assisted_Living_19.jpg
Downloading image from https://lh5.googleusercontent.com/p/AF1QipOI6HCCjWNNaViYsw9H2i4SJvOtN4MXIE8I40VG=w1000-h594-k-no
Uploading image to /var/www/html/listing_images/North_Valley_Assisted_Living_20.jpg
Downloaded and saved image for listing North_Valley_Assisted_Living to /var/www/html/listing_images/North_Valley_Assisted_Living_20.jpg
Updated database for listing North_Valley_Assisted_Living with path: /listing_images/North_Valley_Assisted_Living_20.jpg
Downloading image from https://lh5.googleusercontent.com/p/AF1QipMyHWlmp-lEKb5n6jcUu68g7gBwWvBKRk80JWZV=w2500-h1667-k-no
Uploading image to /var/www/html/listing_images/LifeStream_at_Glendale_1.jpg
Downloaded and saved image for listing LifeStream_at_Glendale to /var/www/html/listing_images/LifeStream_at_Glendale_1.jpg
Updated database for listing LifeStream_at_Glendale with path: /listing_images/LifeStream_at_Glendale_1.jpg
Downloading image from https://lh5.googleusercontent.com/p/AF1QipNRwWY4qB8PPHiZtkfK97wo7djx17WIxI32o7ty=w720-h479-k-no
Uploading image to /var/www/html/listing_images/LifeStream_at_Glendale_2.jpg
Downloaded and saved image for listing LifeStream_at_Glendale to /var/www/html/listing_images/LifeStream_at_Glendale_2.jpg
Updated database for listing LifeStream_at_Glendale with path: /listing_images/LifeStream_at_Glendale_2.jpg
Downloading image from https://lh5.googleusercontent.com/p/AF1QipOlb8jvj9itnTRxeejyyHA4S3p3qoedjX_BRVxY=w720-h479-k-no
Uploading image to /var/www/html/listing_images/LifeStream_at_Glendale_3.jpg
Downloaded and saved image for listing LifeStream_at_Glendale to /var/www/html/listing_images/LifeStream_at_Glendale_3.jpg
Updated database for listing LifeStream_at_Glendale with path: /listing_images/LifeStream_at_Glendale_3.jpg
Downloading image from https://lh5.googleusercontent.com/p/AF1QipN1_5rgkdqFgMUd6_bbjSGam26KjBc9nzwCTj5F=w720-h479-k-no
Uploading image to /var/www/html/listing_images/LifeStream_at_Glendale_4.jpg
Downloaded and saved image for listing LifeStream_at_Glendale to /var/www/html/listing_images/LifeStream_at_Glendale_4.jpg
Updated database for listing LifeStream_at_Glendale with path: /listing_images/LifeStream_at_Glendale_4.jpg
Downloading image from https://lh5.googleusercontent.com/p/AF1QipMrMUtf0Xtb53FoUPdpTxs-znCYB2dhUNFNM2HA=w1169-h658-k-no
Uploading image to /var/www/html/listing_images/LifeStream_at_Glendale_5.jpg
Downloaded and saved image for listing LifeStream_at_Glendale to /var/www/html/listing_images/LifeStream_at_Glendale_5.jpg
Updated database for listing LifeStream_at_Glendale with path: /listing_images/LifeStream_at_Glendale_5.jpg
Downloading image from https://lh5.googleusercontent.com/p/AF1QipNLutcHjOFl_F_Wc83St32DmiIKYwcWmq8C1U3f=w720-h479-k-no
Uploading image to /var/www/html/listing_images/LifeStream_at_Glendale_6.jpg
Downloaded and saved image for listing LifeStream_at_Glendale to /var/www/html/listing_images/LifeStream_at_Glendale_6.jpg
Updated database for listing LifeStream_at_Glendale with path: /listing_images/LifeStream_at_Glendale_6.jpg
Downloading image from https://lh5.googleusercontent.com/p/AF1QipNJ2qJABNg65rDpU4Bj5D98KVU4TL-HMqUIrNMI=w1311-h874-k-no
Uploading image to /var/www/html/listing_images/LifeStream_at_Glendale_7.jpg
Downloaded and saved image for listing LifeStream_at_Glendale to /var/www/html/listing_images/LifeStream_at_Glendale_7.jpg
Updated database for listing LifeStream_at_Glendale with path: /listing_images/LifeStream_at_Glendale_7.jpg
Downloading image from https://lh5.googleusercontent.com/p/AF1QipPAsGmD_jrPqCBHwzQXcUhjvhVIV-RPzcJprZix=w720-h479-k-no
Uploading image to /var/www/html/listing_images/LifeStream_at_Glendale_8.jpg
Downloaded and saved image for listing LifeStream_at_Glendale to /var/www/html/listing_images/LifeStream_at_Glendale_8.jpg
Updated database for listing LifeStream_at_Glendale with path: /listing_images/LifeStream_at_Glendale_8.jpg
Downloading image from https://lh5.googleusercontent.com/p/AF1QipMtIMGPqunImLfvXZ-OIP3vFoPuI8TuOYp9gd12=w1640-h924-k-no
Uploading image to /var/www/html/listing_images/LifeStream_at_Glendale_9.jpg
Downloaded and saved image for listing LifeStream_at_Glendale to /var/www/html/listing_images/LifeStream_at_Glendale_9.jpg
Updated database for listing LifeStream_at_Glendale with path: /listing_images/LifeStream_at_Glendale_9.jpg
Downloading image from https://lh5.googleusercontent.com/p/AF1QipMGkgKjgqXDM65IpbnN7122qN0ZLaCDgOtQQeNm=w2500-h1667-k-no
Uploading image to /var/www/html/listing_images/LifeStream_at_Glendale_10.jpg
Downloaded and saved image for listing LifeStream_at_Glendale to /var/www/html/listing_images/LifeStream_at_Glendale_10.jpg
Updated database for listing LifeStream_at_Glendale with path: /listing_images/LifeStream_at_Glendale_10.jpg
Downloading image from https://lh5.googleusercontent.com/p/AF1QipMhwwOHkJ8OBgNztMgVn-HJYyaE6bBraH75QBSO=w720-h479-k-no
Uploading image to /var/www/html/listing_images/LifeStream_at_Glendale_11.jpg
Downloaded and saved image for listing LifeStream_at_Glendale to /var/www/html/listing_images/LifeStream_at_Glendale_11.jpg
Updated database for listing LifeStream_at_Glendale with path: /listing_images/LifeStream_at_Glendale_11.jpg
Downloading image from https://lh5.googleusercontent.com/p/AF1QipPeyEHDmDF8UysnconoKhsGKyXDS-3MtZPg_dpe=w720-h479-k-no
Uploading image to /var/www/html/listing_images/LifeStream_at_Glendale_12.jpg
Downloaded and saved image for listing LifeStream_at_Glendale to /var/www/html/listing_images/LifeStream_at_Glendale_12.jpg
Updated database for listing LifeStream_at_Glendale with path: /listing_images/LifeStream_at_Glendale_12.jpg
Downloading image from https://lh5.googleusercontent.com/p/AF1QipOVm1KYyivC94Yv-TV_uTVx4Qo8-IjCJJHlQWWd=w720-h479-k-no
Uploading image to /var/www/html/listing_images/LifeStream_at_Glendale_13.jpg
Downloaded and saved image for listing LifeStream_at_Glendale to /var/www/html/listing_images/LifeStream_at_Glendale_13.jpg
Updated database for listing LifeStream_at_Glendale with path: /listing_images/LifeStream_at_Glendale_13.jpg
Downloading image from https://lh5.googleusercontent.com/p/AF1QipP9XRUOn6BrmxBrYFDkBo7unyCFp_7rMAUibwE0=w720-h479-k-no
Uploading image to /var/www/html/listing_images/LifeStream_at_Glendale_14.jpg
Downloaded and saved image for listing LifeStream_at_Glendale to /var/www/html/listing_images/LifeStream_at_Glendale_14.jpg
Updated database for listing LifeStream_at_Glendale with path: /listing_images/LifeStream_at_Glendale_14.jpg
Downloading image from https://lh5.googleusercontent.com/p/AF1QipPFQ_C60btk4gjbyvT_maXLNL6VUOUou7gKsXe3=w2500-h1667-k-no
Uploading image to /var/www/html/listing_images/LifeStream_at_Glendale_15.jpg
Downloaded and saved image for listing LifeStream_at_Glendale to /var/www/html/listing_images/LifeStream_at_Glendale_15.jpg
Updated database for listing LifeStream_at_Glendale with path: /listing_images/LifeStream_at_Glendale_15.jpg
Downloading image from https://lh5.googleusercontent.com/p/AF1QipMFFkSY02vshZvXvk9yr87xsmFj_OCGPRGNNaY7=w2500-h1667-k-no
Uploading image to /var/www/html/listing_images/LifeStream_at_Glendale_16.jpg
Downloaded and saved image for listing LifeStream_at_Glendale to /var/www/html/listing_images/LifeStream_at_Glendale_16.jpg
Updated database for listing LifeStream_at_Glendale with path: /listing_images/LifeStream_at_Glendale_16.jpg
Downloading image from https://lh5.googleusercontent.com/p/AF1QipPc1OdVQhWcjsT2MZ8ZbbwlNFAZb6mDOCSRWjeb=w2500-h1667-k-no
Uploading image to /var/www/html/listing_images/LifeStream_at_Glendale_17.jpg
Downloaded and saved image for listing LifeStream_at_Glendale to /var/www/html/listing_images/LifeStream_at_Glendale_17.jpg
Updated database for listing LifeStream_at_Glendale with path: /listing_images/LifeStream_at_Glendale_17.jpg
Downloading image from https://lh5.googleusercontent.com/p/AF1QipPdJ-JH_GNMt89pn-hgANl1oLp6sZ9qzAyQZzTR=w1080-h700-k-no
Uploading image to /var/www/html/listing_images/LifeStream_at_Glendale_18.jpg
Downloaded and saved image for listing LifeStream_at_Glendale to /var/www/html/listing_images/LifeStream_at_Glendale_18.jpg
Updated database for listing LifeStream_at_Glendale with path: /listing_images/LifeStream_at_Glendale_18.jpg
Downloading image from https://lh5.googleusercontent.com/p/AF1QipOALJaPDI4Wu45wXs9qsgWwSMKSh5ztt9wEyHYm=w1024-h683-k-no
Uploading image to /var/www/html/listing_images/LifeStream_at_Glendale_19.jpg
Downloaded and saved image for listing LifeStream_at_Glendale to /var/www/html/listing_images/LifeStream_at_Glendale_19.jpg
Updated database for listing LifeStream_at_Glendale with path: /listing_images/LifeStream_at_Glendale_19.jpg
Downloading image from https://lh5.googleusercontent.com/p/AF1QipMPYuMMmAvDaT4kx9ip29bUxtlBI1QscaEDYWiQ=w1920-h1080-k-no
Uploading image to /var/www/html/listing_images/LifeStream_at_Glendale_20.jpg
Downloaded and saved image for listing LifeStream_at_Glendale to /var/www/html/listing_images/LifeStream_at_Glendale_20.jpg
Updated database for listing LifeStream_at_Glendale with path: /listing_images/LifeStream_at_Glendale_20.jpg
Downloading image from https://lh5.googleusercontent.com/p/AF1QipPNchHMO-xTjY9NR-pL3Dob3UuKAh-BTBmwkN-q=w1440-h960-k-no
Uploading image to /var/www/html/listing_images/LifeStream_at_Youngtown_1.jpg
Downloaded and saved image for listing LifeStream_at_Youngtown to /var/www/html/listing_images/LifeStream_at_Youngtown_1.jpg
Updated database for listing LifeStream_at_Youngtown with path: /listing_images/LifeStream_at_Youngtown_1.jpg
Downloading image from https://lh5.googleusercontent.com/p/AF1QipOPZ4uQDT_nSor7YYpBw-NizWaNVk8OxorID3qD=w720-h480-k-no
Uploading image to /var/www/html/listing_images/LifeStream_at_Youngtown_2.jpg
Downloaded and saved image for listing LifeStream_at_Youngtown to /var/www/html/listing_images/LifeStream_at_Youngtown_2.jpg
Updated database for listing LifeStream_at_Youngtown with path: /listing_images/LifeStream_at_Youngtown_2.jpg
Downloading image from https://lh5.googleusercontent.com/p/AF1QipOM0eRpGK6opD5XW4h8lJC3Lxj_ICnm5kgFKZ9O=w1440-h960-k-no
Uploading image to /var/www/html/listing_images/LifeStream_at_Youngtown_3.jpg
Downloaded and saved image for listing LifeStream_at_Youngtown to /var/www/html/listing_images/LifeStream_at_Youngtown_3.jpg
Updated database for listing LifeStream_at_Youngtown with path: /listing_images/LifeStream_at_Youngtown_3.jpg
Downloading image from https://lh5.googleusercontent.com/p/AF1QipOaPSNIceX2HkdnScV5SFshMUkMvj_4pIaaNe4I=w1640-h924-k-no
Uploading image to /var/www/html/listing_images/LifeStream_at_Youngtown_4.jpg
Downloaded and saved image for listing LifeStream_at_Youngtown to /var/www/html/listing_images/LifeStream_at_Youngtown_4.jpg
Updated database for listing LifeStream_at_Youngtown with path: /listing_images/LifeStream_at_Youngtown_4.jpg
Downloading image from https://lh5.googleusercontent.com/p/AF1QipP5nVCSC0frUQ8V6AGhwVvSXm-ZOdds2Y8i-NIL=w1440-h960-k-no
Uploading image to /var/www/html/listing_images/LifeStream_at_Youngtown_5.jpg
Downloaded and saved image for listing LifeStream_at_Youngtown to /var/www/html/listing_images/LifeStream_at_Youngtown_5.jpg
Updated database for listing LifeStream_at_Youngtown with path: /listing_images/LifeStream_at_Youngtown_5.jpg
Downloading image from https://lh5.googleusercontent.com/p/AF1QipMhUPfA8Ux829RLOGiYGYa77Fbafg0EsVZ1avx4=w720-h480-k-no
Uploading image to /var/www/html/listing_images/LifeStream_at_Youngtown_6.jpg
Downloaded and saved image for listing LifeStream_at_Youngtown to /var/www/html/listing_images/LifeStream_at_Youngtown_6.jpg
Updated database for listing LifeStream_at_Youngtown with path: /listing_images/LifeStream_at_Youngtown_6.jpg
Downloading image from https://lh5.googleusercontent.com/p/AF1QipPkmahdlz6zmXSmi1dau17wZbfVEyZ57wsqSZcR=w720-h480-k-no
Uploading image to /var/www/html/listing_images/LifeStream_at_Youngtown_7.jpg
Downloaded and saved image for listing LifeStream_at_Youngtown to /var/www/html/listing_images/LifeStream_at_Youngtown_7.jpg
Updated database for listing LifeStream_at_Youngtown with path: /listing_images/LifeStream_at_Youngtown_7.jpg
Downloading image from https://lh5.googleusercontent.com/p/AF1QipOO_FxeKdB2EWsSu-s369ECak6vXxLwDmKSMqaC=w720-h480-k-no
Uploading image to /var/www/html/listing_images/LifeStream_at_Youngtown_8.jpg
Downloaded and saved image for listing LifeStream_at_Youngtown to /var/www/html/listing_images/LifeStream_at_Youngtown_8.jpg
Updated database for listing LifeStream_at_Youngtown with path: /listing_images/LifeStream_at_Youngtown_8.jpg
Downloading image from https://lh5.googleusercontent.com/p/AF1QipP2EhjvBE7ZysGCItyQsex_T3WqVtGRIaFZmeA4=w3000-h2000-k-no
Uploading image to /var/www/html/listing_images/LifeStream_at_Youngtown_9.jpg
Downloaded and saved image for listing LifeStream_at_Youngtown to /var/www/html/listing_images/LifeStream_at_Youngtown_9.jpg
Updated database for listing LifeStream_at_Youngtown with path: /listing_images/LifeStream_at_Youngtown_9.jpg
Downloading image from https://lh5.googleusercontent.com/p/AF1QipN3GLoKDUPp5T3i7_aD74nbJ1YJ-G_W-YZ6roF7=w720-h480-k-no
Uploading image to /var/www/html/listing_images/LifeStream_at_Youngtown_10.jpg
Downloaded and saved image for listing LifeStream_at_Youngtown to /var/www/html/listing_images/LifeStream_at_Youngtown_10.jpg
Updated database for listing LifeStream_at_Youngtown with path: /listing_images/LifeStream_at_Youngtown_10.jpg
Downloading image from https://lh5.googleusercontent.com/p/AF1QipPsB6pOW1M3S-zjUkIbDeeeC2saxtpe8PElNmQY=w1920-h1080-k-no
Uploading image to /var/www/html/listing_images/LifeStream_at_Youngtown_11.jpg
Downloaded and saved image for listing LifeStream_at_Youngtown to /var/www/html/listing_images/LifeStream_at_Youngtown_11.jpg
Updated database for listing LifeStream_at_Youngtown with path: /listing_images/LifeStream_at_Youngtown_11.jpg
Downloading image from https://lh5.googleusercontent.com/p/AF1QipNZ4nJg4MIQ3NklS0WMhuxkCkE5uF9IijG8LG19=w833-h625-k-no
Uploading image to /var/www/html/listing_images/LifeStream_at_Youngtown_12.jpg
Downloaded and saved image for listing LifeStream_at_Youngtown to /var/www/html/listing_images/LifeStream_at_Youngtown_12.jpg
Updated database for listing LifeStream_at_Youngtown with path: /listing_images/LifeStream_at_Youngtown_12.jpg
Downloading image from https://lh5.googleusercontent.com/p/AF1QipNNXYl_folHqwNunroqrKjBBBfSmXGEMs3_rM1i=w1500-h1000-k-no
Uploading image to /var/www/html/listing_images/LifeStream_at_Youngtown_13.jpg
Downloaded and saved image for listing LifeStream_at_Youngtown to /var/www/html/listing_images/LifeStream_at_Youngtown_13.jpg
Updated database for listing LifeStream_at_Youngtown with path: /listing_images/LifeStream_at_Youngtown_13.jpg
Downloading image from https://lh5.googleusercontent.com/p/AF1QipMer520nLyduQnPZjGqNT6F8hBBXfvB_hkWK-LB=w720-h540-k-no
Uploading image to /var/www/html/listing_images/LifeStream_at_Youngtown_14.jpg
Downloaded and saved image for listing LifeStream_at_Youngtown to /var/www/html/listing_images/LifeStream_at_Youngtown_14.jpg
Updated database for listing LifeStream_at_Youngtown with path: /listing_images/LifeStream_at_Youngtown_14.jpg
Downloading image from https://lh5.googleusercontent.com/p/AF1QipP4MsA9kqA2mxI8eYdiRFhMj3Hg-jgTUVTIrGfC=w833-h625-k-no
Uploading image to /var/www/html/listing_images/LifeStream_at_Youngtown_15.jpg
Downloaded and saved image for listing LifeStream_at_Youngtown to /var/www/html/listing_images/LifeStream_at_Youngtown_15.jpg
Updated database for listing LifeStream_at_Youngtown with path: /listing_images/LifeStream_at_Youngtown_15.jpg
Downloading image from https://lh5.googleusercontent.com/p/AF1QipPps-oODNnaZBCM015AsHcKLa67ouIZ6Q2eg9wg=w5760-h3840-k-no
Uploading image to /var/www/html/listing_images/LifeStream_at_Youngtown_16.jpg
